{"/Users/rodrigosebastianbenitez/Desktop/proyectoRestApiSpress/src/router.ts": {"path":"/Users/rodrigosebastianbenitez/Desktop/proyectoRestApiSpress/src/router.ts","statementMap":{"0":{"start":{"line":1,"column":0},"end":{"line":1,"column":33}},"1":{"start":{"line":2,"column":0},"end":{"line":2,"column":null}},"2":{"start":{"line":10,"column":0},"end":{"line":10,"column":48}},"3":{"start":{"line":11,"column":0},"end":{"line":11,"column":65}},"4":{"start":{"line":13,"column":15},"end":{"line":13,"column":23}},"5":{"start":{"line":15,"column":0},"end":{"line":15,"column":31}},"6":{"start":{"line":16,"column":0},"end":{"line":20,"column":3}},"7":{"start":{"line":22,"column":0},"end":{"line":41,"column":3}},"8":{"start":{"line":31,"column":27},"end":{"line":31,"column":36}},"9":{"start":{"line":43,"column":0},"end":{"line":64,"column":3}},"10":{"start":{"line":52,"column":27},"end":{"line":52,"column":36}},"11":{"start":{"line":66,"column":0},"end":{"line":70,"column":3}},"12":{"start":{"line":72,"column":0},"end":{"line":76,"column":3}},"13":{"start":{"line":78,"column":0},"end":{"line":78,"column":22}}},"fnMap":{"0":{"name":"(anonymous_0)","decl":{"start":{"line":31,"column":16},"end":{"line":31,"column":17}},"loc":{"start":{"line":31,"column":27},"end":{"line":31,"column":36}}},"1":{"name":"(anonymous_1)","decl":{"start":{"line":52,"column":16},"end":{"line":52,"column":17}},"loc":{"start":{"line":52,"column":27},"end":{"line":52,"column":36}}}},"branchMap":{},"s":{"0":2,"1":2,"2":2,"3":2,"4":2,"5":2,"6":2,"7":2,"8":3,"9":2,"10":4,"11":2,"12":2,"13":2},"f":{"0":3,"1":4},"b":{}}
,"/Users/rodrigosebastianbenitez/Desktop/proyectoRestApiSpress/src/server.ts": {"path":"/Users/rodrigosebastianbenitez/Desktop/proyectoRestApiSpress/src/server.ts","statementMap":{"0":{"start":{"line":1,"column":0},"end":{"line":1,"column":30}},"1":{"start":{"line":2,"column":0},"end":{"line":2,"column":37}},"2":{"start":{"line":3,"column":0},"end":{"line":3,"column":29}},"3":{"start":{"line":4,"column":0},"end":{"line":4,"column":28}},"4":{"start":{"line":9,"column":4},"end":{"line":14,"column":5}},"5":{"start":{"line":10,"column":8},"end":{"line":10,"column":32}},"6":{"start":{"line":11,"column":8},"end":{"line":11,"column":24}},"7":{"start":{"line":13,"column":8},"end":{"line":13,"column":87}},"8":{"start":{"line":18,"column":15},"end":{"line":18,"column":24}},"9":{"start":{"line":21,"column":0},"end":{"line":21,"column":27}},"10":{"start":{"line":23,"column":0},"end":{"line":23,"column":43}},"11":{"start":{"line":27,"column":4},"end":{"line":33,"column":5}},"12":{"start":{"line":28,"column":8},"end":{"line":28,"column":26}},"13":{"start":{"line":29,"column":8},"end":{"line":29,"column":83}},"14":{"start":{"line":31,"column":8},"end":{"line":31,"column":76}},"15":{"start":{"line":32,"column":8},"end":{"line":32,"column":24}},"16":{"start":{"line":37,"column":0},"end":{"line":39,"column":1}},"17":{"start":{"line":38,"column":4},"end":{"line":38,"column":18}},"18":{"start":{"line":41,"column":0},"end":{"line":43,"column":3}},"19":{"start":{"line":42,"column":4},"end":{"line":42,"column":47}},"20":{"start":{"line":45,"column":0},"end":{"line":45,"column":22}}},"fnMap":{"0":{"name":"connectDB","decl":{"start":{"line":8,"column":15},"end":{"line":8,"column":24}},"loc":{"start":{"line":8,"column":24},"end":{"line":15,"column":1}}},"1":{"name":"startServer","decl":{"start":{"line":26,"column":15},"end":{"line":26,"column":26}},"loc":{"start":{"line":26,"column":26},"end":{"line":34,"column":1}}},"2":{"name":"(anonymous_3)","decl":{"start":{"line":41,"column":19},"end":{"line":41,"column":20}},"loc":{"start":{"line":41,"column":32},"end":{"line":43,"column":1}}}},"branchMap":{"0":{"loc":{"start":{"line":37,"column":0},"end":{"line":39,"column":1}},"type":"if","locations":[{"start":{"line":37,"column":0},"end":{"line":39,"column":1}},{"start":{},"end":{}}]}},"s":{"0":2,"1":2,"2":2,"3":2,"4":0,"5":0,"6":0,"7":0,"8":2,"9":2,"10":2,"11":0,"12":0,"13":0,"14":0,"15":0,"16":2,"17":0,"18":2,"19":1,"20":2},"f":{"0":0,"1":0,"2":1},"b":{"0":[0,2]}}
,"/Users/rodrigosebastianbenitez/Desktop/proyectoRestApiSpress/src/config/db.ts": {"path":"/Users/rodrigosebastianbenitez/Desktop/proyectoRestApiSpress/src/config/db.ts","statementMap":{"0":{"start":{"line":1,"column":0},"end":{"line":1,"column":49}},"1":{"start":{"line":2,"column":0},"end":{"line":2,"column":28}},"2":{"start":{"line":3,"column":0},"end":{"line":3,"column":46}},"3":{"start":{"line":6,"column":0},"end":{"line":6,"column":16}},"4":{"start":{"line":8,"column":11},"end":{"line":11,"column":2}},"5":{"start":{"line":13,"column":0},"end":{"line":13,"column":18}}},"fnMap":{},"branchMap":{},"s":{"0":2,"1":2,"2":2,"3":2,"4":2,"5":2},"f":{},"b":{}}
,"/Users/rodrigosebastianbenitez/Desktop/proyectoRestApiSpress/src/handlers/Product.ts": {"path":"/Users/rodrigosebastianbenitez/Desktop/proyectoRestApiSpress/src/handlers/Product.ts","statementMap":{"0":{"start":{"line":2,"column":0},"end":{"line":2,"column":46}},"1":{"start":{"line":4,"column":27},"end":{"line":14,"column":1}},"2":{"start":{"line":5,"column":4},"end":{"line":13,"column":5}},"3":{"start":{"line":6,"column":25},"end":{"line":8,"column":10}},"4":{"start":{"line":9,"column":8},"end":{"line":9,"column":37}},"5":{"start":{"line":11,"column":8},"end":{"line":11,"column":60}},"6":{"start":{"line":12,"column":8},"end":{"line":12,"column":70}},"7":{"start":{"line":4,"column":13},"end":{"line":4,"column":27}},"8":{"start":{"line":16,"column":30},"end":{"line":34,"column":1}},"9":{"start":{"line":17,"column":4},"end":{"line":33,"column":5}},"10":{"start":{"line":18,"column":23},"end":{"line":18,"column":33}},"11":{"start":{"line":19,"column":24},"end":{"line":19,"column":50}},"12":{"start":{"line":22,"column":8},"end":{"line":27,"column":9}},"13":{"start":{"line":23,"column":12},"end":{"line":26,"column":15}},"14":{"start":{"line":29,"column":8},"end":{"line":29,"column":36}},"15":{"start":{"line":31,"column":8},"end":{"line":31,"column":59}},"16":{"start":{"line":32,"column":8},"end":{"line":32,"column":69}},"17":{"start":{"line":16,"column":13},"end":{"line":16,"column":30}},"18":{"start":{"line":36,"column":29},"end":{"line":53,"column":1}},"19":{"start":{"line":37,"column":4},"end":{"line":52,"column":5}},"20":{"start":{"line":38,"column":23},"end":{"line":38,"column":33}},"21":{"start":{"line":39,"column":24},"end":{"line":39,"column":50}},"22":{"start":{"line":40,"column":8},"end":{"line":45,"column":9}},"23":{"start":{"line":41,"column":12},"end":{"line":44,"column":15}},"24":{"start":{"line":47,"column":8},"end":{"line":47,"column":39}},"25":{"start":{"line":48,"column":8},"end":{"line":48,"column":36}},"26":{"start":{"line":50,"column":8},"end":{"line":50,"column":62}},"27":{"start":{"line":51,"column":8},"end":{"line":51,"column":72}},"28":{"start":{"line":36,"column":13},"end":{"line":36,"column":29}},"29":{"start":{"line":55,"column":29},"end":{"line":64,"column":1}},"30":{"start":{"line":56,"column":4},"end":{"line":63,"column":5}},"31":{"start":{"line":57,"column":24},"end":{"line":57,"column":54}},"32":{"start":{"line":59,"column":8},"end":{"line":59,"column":48}},"33":{"start":{"line":61,"column":8},"end":{"line":61,"column":57}},"34":{"start":{"line":62,"column":8},"end":{"line":62,"column":67}},"35":{"start":{"line":55,"column":13},"end":{"line":55,"column":29}},"36":{"start":{"line":66,"column":31},"end":{"line":89,"column":1}},"37":{"start":{"line":67,"column":4},"end":{"line":88,"column":5}},"38":{"start":{"line":68,"column":23},"end":{"line":68,"column":33}},"39":{"start":{"line":69,"column":24},"end":{"line":69,"column":50}},"40":{"start":{"line":70,"column":8},"end":{"line":75,"column":9}},"41":{"start":{"line":71,"column":12},"end":{"line":74,"column":15}},"42":{"start":{"line":78,"column":32},"end":{"line":78,"column":50}},"43":{"start":{"line":79,"column":8},"end":{"line":79,"column":61}},"44":{"start":{"line":81,"column":8},"end":{"line":84,"column":11}},"45":{"start":{"line":86,"column":8},"end":{"line":86,"column":62}},"46":{"start":{"line":87,"column":8},"end":{"line":87,"column":72}},"47":{"start":{"line":66,"column":13},"end":{"line":66,"column":31}},"48":{"start":{"line":91,"column":29},"end":{"line":107,"column":1}},"49":{"start":{"line":92,"column":4},"end":{"line":106,"column":5}},"50":{"start":{"line":93,"column":23},"end":{"line":93,"column":33}},"51":{"start":{"line":94,"column":24},"end":{"line":94,"column":50}},"52":{"start":{"line":95,"column":8},"end":{"line":100,"column":9}},"53":{"start":{"line":96,"column":12},"end":{"line":99,"column":15}},"54":{"start":{"line":101,"column":8},"end":{"line":101,"column":32}},"55":{"start":{"line":102,"column":8},"end":{"line":102,"column":66}},"56":{"start":{"line":104,"column":8},"end":{"line":104,"column":60}},"57":{"start":{"line":105,"column":8},"end":{"line":105,"column":70}},"58":{"start":{"line":91,"column":13},"end":{"line":91,"column":29}}},"fnMap":{"0":{"name":"(anonymous_1)","decl":{"start":{"line":4,"column":27},"end":{"line":4,"column":32}},"loc":{"start":{"line":4,"column":65},"end":{"line":14,"column":1}}},"1":{"name":"(anonymous_2)","decl":{"start":{"line":16,"column":30},"end":{"line":16,"column":35}},"loc":{"start":{"line":16,"column":68},"end":{"line":34,"column":1}}},"2":{"name":"(anonymous_3)","decl":{"start":{"line":36,"column":29},"end":{"line":36,"column":34}},"loc":{"start":{"line":36,"column":67},"end":{"line":53,"column":1}}},"3":{"name":"(anonymous_4)","decl":{"start":{"line":55,"column":29},"end":{"line":55,"column":34}},"loc":{"start":{"line":55,"column":67},"end":{"line":64,"column":1}}},"4":{"name":"(anonymous_5)","decl":{"start":{"line":66,"column":31},"end":{"line":66,"column":36}},"loc":{"start":{"line":66,"column":69},"end":{"line":89,"column":1}}},"5":{"name":"(anonymous_6)","decl":{"start":{"line":91,"column":29},"end":{"line":91,"column":34}},"loc":{"start":{"line":91,"column":67},"end":{"line":107,"column":1}}}},"branchMap":{"0":{"loc":{"start":{"line":22,"column":8},"end":{"line":27,"column":9}},"type":"if","locations":[{"start":{"line":22,"column":8},"end":{"line":27,"column":9}},{"start":{},"end":{}}]},"1":{"loc":{"start":{"line":40,"column":8},"end":{"line":45,"column":9}},"type":"if","locations":[{"start":{"line":40,"column":8},"end":{"line":45,"column":9}},{"start":{},"end":{}}]},"2":{"loc":{"start":{"line":70,"column":8},"end":{"line":75,"column":9}},"type":"if","locations":[{"start":{"line":70,"column":8},"end":{"line":75,"column":9}},{"start":{},"end":{}}]},"3":{"loc":{"start":{"line":83,"column":42},"end":{"line":83,"column":90}},"type":"cond-expr","locations":[{"start":{"line":83,"column":60},"end":{"line":83,"column":72}},{"start":{"line":83,"column":75},"end":{"line":83,"column":90}}]},"4":{"loc":{"start":{"line":95,"column":8},"end":{"line":100,"column":9}},"type":"if","locations":[{"start":{"line":95,"column":8},"end":{"line":100,"column":9}},{"start":{},"end":{}}]}},"s":{"0":2,"1":2,"2":2,"3":2,"4":2,"5":0,"6":0,"7":2,"8":2,"9":2,"10":2,"11":2,"12":2,"13":1,"14":1,"15":0,"16":0,"17":2,"18":2,"19":2,"20":2,"21":2,"22":2,"23":1,"24":1,"25":1,"26":0,"27":0,"28":2,"29":2,"30":1,"31":1,"32":1,"33":0,"34":0,"35":2,"36":2,"37":2,"38":2,"39":2,"40":2,"41":1,"42":1,"43":1,"44":1,"45":0,"46":0,"47":2,"48":2,"49":2,"50":2,"51":2,"52":2,"53":1,"54":1,"55":1,"56":0,"57":0,"58":2},"f":{"0":2,"1":2,"2":2,"3":1,"4":2,"5":2},"b":{"0":[1,1],"1":[1,1],"2":[1,1],"3":[1,0],"4":[1,1]}}
,"/Users/rodrigosebastianbenitez/Desktop/proyectoRestApiSpress/src/middleware/validation.ts": {"path":"/Users/rodrigosebastianbenitez/Desktop/proyectoRestApiSpress/src/middleware/validation.ts","statementMap":{"0":{"start":{"line":2,"column":0},"end":{"line":2,"column":53}},"1":{"start":{"line":5,"column":38},"end":{"line":15,"column":1}},"2":{"start":{"line":6,"column":19},"end":{"line":6,"column":40}},"3":{"start":{"line":8,"column":4},"end":{"line":12,"column":5}},"4":{"start":{"line":9,"column":8},"end":{"line":11,"column":11}},"5":{"start":{"line":14,"column":4},"end":{"line":14,"column":11}},"6":{"start":{"line":5,"column":13},"end":{"line":5,"column":38}}},"fnMap":{"0":{"name":"(anonymous_0)","decl":{"start":{"line":5,"column":38},"end":{"line":5,"column":39}},"loc":{"start":{"line":5,"column":90},"end":{"line":15,"column":1}}}},"branchMap":{"0":{"loc":{"start":{"line":8,"column":4},"end":{"line":12,"column":5}},"type":"if","locations":[{"start":{"line":8,"column":4},"end":{"line":12,"column":5}},{"start":{},"end":{}}]}},"s":{"0":2,"1":2,"2":16,"3":16,"4":7,"5":9,"6":2},"f":{"0":16},"b":{"0":[7,9]}}
,"/Users/rodrigosebastianbenitez/Desktop/proyectoRestApiSpress/src/models/Product.model.ts": {"path":"/Users/rodrigosebastianbenitez/Desktop/proyectoRestApiSpress/src/models/Product.model.ts","statementMap":{"0":{"start":{"line":1,"column":0},"end":{"line":1,"column":79}},"1":{"start":{"line":6,"column":0},"end":{"line":22,"column":null}},"2":{"start":{"line":10,"column":12},"end":{"line":10,"column":null}},"3":{"start":{"line":15,"column":12},"end":{"line":15,"column":null}},"4":{"start":{"line":21,"column":12},"end":{"line":21,"column":null}},"5":{"start":{"line":6,"column":6},"end":{"line":22,"column":null}},"6":{"start":{"line":24,"column":0},"end":{"line":24,"column":23}}},"fnMap":{},"branchMap":{},"s":{"0":2,"1":2,"2":2,"3":2,"4":2,"5":2,"6":2},"f":{},"b":{}}
}
