TN:
SF:src/router.ts
FN:31,(anonymous_0)
FN:52,(anonymous_1)
FNF:2
FNH:2
FNDA:3,(anonymous_0)
FNDA:4,(anonymous_1)
DA:1,2
DA:2,2
DA:10,2
DA:11,2
DA:13,2
DA:15,2
DA:16,2
DA:22,2
DA:31,3
DA:43,2
DA:52,4
DA:66,2
DA:72,2
DA:78,2
LF:14
LH:14
BRF:0
BRH:0
end_of_record
TN:
SF:src/server.ts
FN:8,connectDB
FN:26,startServer
FN:41,(anonymous_3)
FNF:3
FNH:1
FNDA:0,connectDB
FNDA:0,startServer
FNDA:1,(anonymous_3)
DA:1,2
DA:2,2
DA:3,2
DA:4,2
DA:9,0
DA:10,0
DA:11,0
DA:13,0
DA:18,2
DA:21,2
DA:23,2
DA:27,0
DA:28,0
DA:29,0
DA:31,0
DA:32,0
DA:37,2
DA:38,0
DA:41,2
DA:42,1
DA:45,2
LF:21
LH:11
BRDA:37,0,0,0
BRDA:37,0,1,2
BRF:2
BRH:1
end_of_record
TN:
SF:src/config/db.ts
FNF:0
FNH:0
DA:1,2
DA:2,2
DA:3,2
DA:6,2
DA:8,2
DA:13,2
LF:6
LH:6
BRF:0
BRH:0
end_of_record
TN:
SF:src/handlers/Product.ts
FN:4,(anonymous_1)
FN:16,(anonymous_2)
FN:36,(anonymous_3)
FN:55,(anonymous_4)
FN:66,(anonymous_5)
FN:91,(anonymous_6)
FNF:6
FNH:6
FNDA:2,(anonymous_1)
FNDA:2,(anonymous_2)
FNDA:2,(anonymous_3)
FNDA:1,(anonymous_4)
FNDA:2,(anonymous_5)
FNDA:2,(anonymous_6)
DA:2,2
DA:4,2
DA:5,2
DA:6,2
DA:9,2
DA:11,0
DA:12,0
DA:16,2
DA:17,2
DA:18,2
DA:19,2
DA:22,2
DA:23,1
DA:29,1
DA:31,0
DA:32,0
DA:36,2
DA:37,2
DA:38,2
DA:39,2
DA:40,2
DA:41,1
DA:47,1
DA:48,1
DA:50,0
DA:51,0
DA:55,2
DA:56,1
DA:57,1
DA:59,1
DA:61,0
DA:62,0
DA:66,2
DA:67,2
DA:68,2
DA:69,2
DA:70,2
DA:71,1
DA:78,1
DA:79,1
DA:81,1
DA:86,0
DA:87,0
DA:91,2
DA:92,2
DA:93,2
DA:94,2
DA:95,2
DA:96,1
DA:101,1
DA:102,1
DA:104,0
DA:105,0
LF:53
LH:41
BRDA:22,0,0,1
BRDA:22,0,1,1
BRDA:40,1,0,1
BRDA:40,1,1,1
BRDA:70,2,0,1
BRDA:70,2,1,1
BRDA:83,3,0,1
BRDA:83,3,1,0
BRDA:95,4,0,1
BRDA:95,4,1,1
BRF:10
BRH:9
end_of_record
TN:
SF:src/middleware/validation.ts
FN:5,(anonymous_0)
FNF:1
FNH:1
FNDA:16,(anonymous_0)
DA:2,2
DA:5,2
DA:6,16
DA:8,16
DA:9,7
DA:14,9
LF:6
LH:6
BRDA:8,0,0,7
BRDA:8,0,1,9
BRF:2
BRH:2
end_of_record
TN:
SF:src/models/Product.model.ts
FNF:0
FNH:0
DA:1,2
DA:6,2
DA:10,2
DA:15,2
DA:21,2
DA:24,2
LF:6
LH:6
BRF:0
BRH:0
end_of_record
